<?xml version="1.0" encoding="UTF-8"?>
<!-- Generated by org.testng.reporters.JUnitReportReporter -->
<testsuite skipped="0" hostname="Dell-PC" name="com.cjc.dws.tests.AllTestcombine" tests="4" failures="0" timestamp="2021-05-14T22:25:39 IST" time="72.607" errors="0">
  <testcase name="regPage" time="11.492" classname="com.cjc.dws.tests.AllTestcombine"/>
  <system-out/>
  <testcase name="addtocart" time="34.319" classname="com.cjc.dws.tests.AllTestcombine"/>
  <system-out/>
  <testcase name="shoptest" time="9.775" classname="com.cjc.dws.tests.AllTestcombine"/>
  <system-out/>
  <testcase name="checkouttest" time="17.021" classname="com.cjc.dws.tests.AllTestcombine"/>
  <system-out/>
</testsuite> <!-- com.cjc.dws.tests.AllTestcombine -->
