<?xml version="1.0" encoding="UTF-8"?>
<!-- Generated by org.testng.reporters.JUnitReportReporter -->
<testsuite skipped="0" hostname="Dell-PC" name="com.cjc.dws.tests.AllTestcombine" tests="4" failures="0" timestamp="2021-04-27T23:07:26 IST" time="51.938" errors="0">
  <testcase name="regPage" time="14.039" classname="com.cjc.dws.tests.AllTestcombine"/>
  <system-out/>
  <testcase name="addtocart" time="10.893" classname="com.cjc.dws.tests.AllTestcombine"/>
  <system-out/>
  <testcase name="shoptest" time="9.916" classname="com.cjc.dws.tests.AllTestcombine"/>
  <system-out/>
  <testcase name="checkouttest" time="17.090" classname="com.cjc.dws.tests.AllTestcombine"/>
  <system-out/>
</testsuite> <!-- com.cjc.dws.tests.AllTestcombine -->
