<?xml version="1.0" encoding="UTF-8"?>
<!-- Generated by org.testng.reporters.JUnitReportReporter -->
<testsuite skipped="0" hostname="Dell-PC" name="com.cjc.dws.tests.AllTestcombine" tests="4" failures="0" timestamp="2021-05-14T22:12:21 IST" time="71.953" errors="0">
  <testcase name="regPage" time="15.080" classname="com.cjc.dws.tests.AllTestcombine"/>
  <system-out/>
  <testcase name="addtocart" time="29.574" classname="com.cjc.dws.tests.AllTestcombine"/>
  <system-out/>
  <testcase name="shoptest" time="9.954" classname="com.cjc.dws.tests.AllTestcombine"/>
  <system-out/>
  <testcase name="checkouttest" time="17.345" classname="com.cjc.dws.tests.AllTestcombine"/>
  <system-out/>
</testsuite> <!-- com.cjc.dws.tests.AllTestcombine -->
