<?xml version="1.0" encoding="UTF-8"?>
<!-- Generated by org.testng.reporters.JUnitReportReporter -->
<testsuite skipped="0" hostname="Dell-PC" name="com.cjc.dws.tests.BrowserTest" tests="1" failures="0" timestamp="2021-04-23T11:58:03 IST" time="9.535" errors="0">
  <testcase name="BrowserOpen" time="9.535" classname="com.cjc.dws.tests.BrowserTest"/>
  <system-out/>
</testsuite> <!-- com.cjc.dws.tests.BrowserTest -->
