<?xml version="1.0" encoding="UTF-8"?>
<!-- Generated by org.testng.reporters.JUnitReportReporter -->
<testsuite skipped="0" hostname="Dell-PC" name="com.cjc.dws.tests.AllTestcombine" tests="4" failures="0" timestamp="14 May 2021 15:50:46 GMT" time="72.473" errors="0">
  <testcase name="regPage" time="12.940" classname="com.cjc.dws.tests.AllTestcombine"/>
  <testcase name="addtocart" time="32.251" classname="com.cjc.dws.tests.AllTestcombine"/>
  <testcase name="shoptest" time="9.766" classname="com.cjc.dws.tests.AllTestcombine"/>
  <testcase name="checkouttest" time="17.516" classname="com.cjc.dws.tests.AllTestcombine"/>
</testsuite> <!-- com.cjc.dws.tests.AllTestcombine -->
